[Sat Jun 17 17:51:47 MDT 2023] - INFO passoff.ServerTest: 	Setting up File Handler 404 Test...
[Sat Jun 17 17:51:47 MDT 2023] - INFO client.Proxy: 	Clear called
[Sat Jun 17 17:51:47 MDT 2023] - INFO client.Client: 	Post without Request Body called
[Sat Jun 17 17:51:47 MDT 2023] - INFO client.Client: 	Attempting to open connection to server
[Sat Jun 17 17:51:47 MDT 2023] - INFO client.Client: 	Connection opened to server
[Sat Jun 17 17:51:47 MDT 2023] - INFO client.Client: 	Setting passoffrequest method to POST
[Sat Jun 17 17:51:47 MDT 2023] - INFO client.Client: 	Request method set to POST
[Sat Jun 17 17:51:47 MDT 2023] - INFO client.Client: 	Setting Do Output to true
[Sat Jun 17 17:51:47 MDT 2023] - INFO client.Client: 	Do Output set to true
[Sat Jun 17 17:51:47 MDT 2023] - INFO client.Client: 	Connecting to server
[Sat Jun 17 17:51:47 MDT 2023] - INFO client.Client: 	Connected to server
[Sat Jun 17 17:51:47 MDT 2023] - INFO client.Client: 	Getting response code from server
[Sat Jun 17 17:51:47 MDT 2023] - INFO client.Client: 	Response code 200 returned
[Sat Jun 17 17:51:47 MDT 2023] - INFO client.Client: 	Getting input stream from server
[Sat Jun 17 17:51:47 MDT 2023] - INFO client.Client: 	Reading input stream into a string
[Sat Jun 17 17:51:47 MDT 2023] - INFO passoff.ServerTest: 	Running File Handler 404 Test...
[Sat Jun 17 17:51:47 MDT 2023] - INFO client.Proxy: 	File called
[Sat Jun 17 17:51:47 MDT 2023] - INFO client.Client: 	Get without Auth Token called
[Sat Jun 17 17:51:47 MDT 2023] - INFO client.Client: 	Attempting to open connection to server
[Sat Jun 17 17:51:47 MDT 2023] - INFO client.Client: 	Connection opened to server
[Sat Jun 17 17:51:47 MDT 2023] - INFO client.Client: 	Setting passoffrequest method to GET
[Sat Jun 17 17:51:47 MDT 2023] - INFO client.Client: 	Request method set to GET
[Sat Jun 17 17:51:47 MDT 2023] - INFO client.Client: 	Setting Do Output to false
[Sat Jun 17 17:51:47 MDT 2023] - INFO client.Client: 	Do Output set to false
[Sat Jun 17 17:51:47 MDT 2023] - INFO client.Client: 	Connecting to server
[Sat Jun 17 17:51:47 MDT 2023] - INFO client.Client: 	Connected to server
[Sat Jun 17 17:51:47 MDT 2023] - INFO client.Client: 	Getting response code from server
[Sat Jun 17 17:51:47 MDT 2023] - INFO client.Client: 	Response code 404 returned
[Sat Jun 17 17:51:47 MDT 2023] - INFO client.Client: 	Getting input stream from server
[Sat Jun 17 17:51:47 MDT 2023] - INFO client.Client: 	Reading input stream into a string
